Start testing: May 25 16:46 WEST
----------------------------------------------------------
1/1 Testing: CoreTests
1/1 Test: CoreTests
Command: "/Users/tomasmarques/iodine/core/build-tests/core_tests"
Directory: /Users/tomasmarques/iodine/core/build-tests
"CoreTests" start time: May 25 16:46 WEST
Output:
----------------------------------------------------------
Running main() from /Users/tomasmarques/iodine/core/build-tests/_deps/googletest-src/googletest/src/gtest_main.cc
[==========] Running 130 tests from 30 test suites.
[----------] Global test environment set-up.
[----------] 1 test from ApplicationBuilder
[ RUN      ] ApplicationBuilder.Build_CustomValues_OK
[       OK ] ApplicationBuilder.Build_CustomValues_OK (0 ms)
[----------] 1 test from ApplicationBuilder (0 ms total)

[----------] 1 test from Application
[ RUN      ] Application.Start_CustomStrategy_OK
[38;5;33m[INFO]:  [39mStarting application
[       OK ] Application.Start_CustomStrategy_OK (0 ms)
[----------] 1 test from Application (0 ms total)

[----------] 3 tests from ApplicationStrategy
[ RUN      ] ApplicationStrategy.Start_WhenDone_RunsLoop
[38;5;33m[INFO]:  [39mStarting application
[       OK ] ApplicationStrategy.Start_WhenDone_RunsLoop (0 ms)
[ RUN      ] ApplicationStrategy.Start_WhenRunning_DoesNothing
[38;5;33m[INFO]:  [39mStarting application
[38;5;208m[WARN]:  [39mApplication already running
[       OK ] ApplicationStrategy.Start_WhenRunning_DoesNothing (0 ms)
[ RUN      ] ApplicationStrategy.PauseStop_Always_OK
[38;5;33m[INFO]:  [39mStarting application
[38;5;33m[INFO]:  [39mStarting application
[       OK ] ApplicationStrategy.PauseStop_Always_OK (0 ms)
[----------] 3 tests from ApplicationStrategy (0 ms total)

[----------] 3 tests from RateTracker
[ RUN      ] RateTracker.Constructors_Default_OK
[       OK ] RateTracker.Constructors_Default_OK (0 ms)
[ RUN      ] RateTracker.Tick_BelowWindow_DoesNotUpdateRate
[       OK ] RateTracker.Tick_BelowWindow_DoesNotUpdateRate (0 ms)
[ RUN      ] RateTracker.Tick_OverWindow_UpdatesRate
[       OK ] RateTracker.Tick_OverWindow_UpdatesRate (0 ms)
[----------] 3 tests from RateTracker (0 ms total)

[----------] 2 tests from Timer
[ RUN      ] Timer.Tick_Once_ReturnsAnElapsedTime
[       OK ] Timer.Tick_Once_ReturnsAnElapsedTime (0 ms)
[ RUN      ] Timer.Tick_Repeated_ReturnsAnElapsedTime
[       OK ] Timer.Tick_Repeated_ReturnsAnElapsedTime (0 ms)
[----------] 2 tests from Timer (0 ms total)

[----------] 2 tests from ThreadInfo
[ RUN      ] ThreadInfo.LocalAlias_Default_IsMain
[       OK ] ThreadInfo.LocalAlias_Default_IsMain (0 ms)
[ RUN      ] ThreadInfo.SetLocalAlias_Always_UpdatesAlias
[       OK ] ThreadInfo.SetLocalAlias_Always_UpdatesAlias (0 ms)
[----------] 2 tests from ThreadInfo (0 ms total)

[----------] 1 test from Thread
[ RUN      ] Thread.Run_Always_InjectsAliasAndID
[       OK ] Thread.Run_Always_InjectsAliasAndID (0 ms)
[----------] 1 test from Thread (0 ms total)

[----------] 10 tests from BitSet
[ RUN      ] BitSet.Constructors_DefaultCopyMove_OK
[       OK ] BitSet.Constructors_DefaultCopyMove_OK (0 ms)
[ RUN      ] BitSet.Assignment_DefaultCopyMove_OK
[       OK ] BitSet.Assignment_DefaultCopyMove_OK (0 ms)
[ RUN      ] BitSet.SetReset_Always_OK
[       OK ] BitSet.SetReset_Always_OK (0 ms)
[ RUN      ] BitSet.AnyNoneCount_Always_OK
[       OK ] BitSet.AnyNoneCount_Always_OK (0 ms)
[ RUN      ] BitSet.SetReset_Spills_Resizes
[       OK ] BitSet.SetReset_Spills_Resizes (0 ms)
[ RUN      ] BitSet.AndOrIntersects_MatchingWidth_OK
[       OK ] BitSet.AndOrIntersects_MatchingWidth_OK (0 ms)
[ RUN      ] BitSet.AndOrIntersectsExcept_DifferentWidth_Fails
[38;5;201m[FATAL]: [39mAssertion failed: left.words() == right.words()
 Message: "Bitset sizes differ — resize all masks first" in file /Users/tomasmarques/iodine/core/include/rm/container/bitset.hpp, line 116, function "operator|"
[38;5;201m[FATAL]: [39mAssertion failed: words() == other.words()
 Message: "Bitset sizes differ — resize all masks first" in file /Users/tomasmarques/iodine/core/include/rm/container/bitset.hpp, line 53, function "operator|="
[38;5;201m[FATAL]: [39mAssertion failed: left.words() == right.words()
 Message: "Bitset sizes differ — resize all masks first" in file /Users/tomasmarques/iodine/core/include/rm/container/bitset.hpp, line 132, function "operator&"
[38;5;201m[FATAL]: [39mAssertion failed: words() == other.words()
 Message: "Bitset sizes differ — resize all masks first" in file /Users/tomasmarques/iodine/core/include/rm/container/bitset.hpp, line 67, function "operator&="
[38;5;201m[FATAL]: [39mAssertion failed: left.words() == right.words()
 Message: "Bitset sizes differ — resize all masks first" in file /Users/tomasmarques/iodine/core/include/rm/container/bitset.hpp, line 149, function "operator-"
[38;5;201m[FATAL]: [39mAssertion failed: words() == other.words()
 Message: "Bitset sizes differ — resize all masks first" in file /Users/tomasmarques/iodine/core/include/rm/container/bitset.hpp, line 82, function "operator-="
[       OK ] BitSet.AndOrIntersectsExcept_DifferentWidth_Fails (3 ms)
[ RUN      ] BitSet.Clear_Always_OK
[       OK ] BitSet.Clear_Always_OK (0 ms)
[ RUN      ] BitSet.Flip_Always_OK
[       OK ] BitSet.Flip_Always_OK (0 ms)
[ RUN      ] BitSet.Except_MatchingWidth_OK
[       OK ] BitSet.Except_MatchingWidth_OK (0 ms)
[----------] 10 tests from BitSet (3 ms total)

[----------] 18 tests from SparseSet
[ RUN      ] SparseSet.Constructors_DefaultCopyMove_OK
[       OK ] SparseSet.Constructors_DefaultCopyMove_OK (0 ms)
[ RUN      ] SparseSet.Assignment_DefaultCopyMove_OK
[       OK ] SparseSet.Assignment_DefaultCopyMove_OK (0 ms)
[ RUN      ] SparseSet.ContainsSize_Insert_OK
[       OK ] SparseSet.ContainsSize_Insert_OK (0 ms)
[ RUN      ] SparseSet.DerefIndex_InBounds_OK
[       OK ] SparseSet.DerefIndex_InBounds_OK (0 ms)
[ RUN      ] SparseSet.At_OutOfBounds_Throws
[       OK ] SparseSet.At_OutOfBounds_Throws (0 ms)
[ RUN      ] SparseSet.DerefIterator_InBounds_OK
[       OK ] SparseSet.DerefIterator_InBounds_OK (0 ms)
[ RUN      ] SparseSet.TryInsert_OutOfBounds_Fails
[38;5;7m[DEBUG]: [39mIndex is out of bounds
[       OK ] SparseSet.TryInsert_OutOfBounds_Fails (0 ms)
[ RUN      ] SparseSet.TryInsert_InBounds_NoOverwrite
[38;5;7m[DEBUG]: [39mTried to insert duplicate index
[       OK ] SparseSet.TryInsert_InBounds_NoOverwrite (0 ms)
[ RUN      ] SparseSet.Insert_InBounds_OK
[       OK ] SparseSet.Insert_InBounds_OK (0 ms)
[ RUN      ] SparseSet.Insert_InBounds_Overwrites
[       OK ] SparseSet.Insert_InBounds_Overwrites (0 ms)
[ RUN      ] SparseSet.Find_OutOfBounds_ReturnsEnd
[       OK ] SparseSet.Find_OutOfBounds_ReturnsEnd (0 ms)
[ RUN      ] SparseSet.Emplace_InBounds_NoOverwrite
[       OK ] SparseSet.Emplace_InBounds_NoOverwrite (0 ms)
[ RUN      ] SparseSet.Erase_OutOfBounds_OK
[       OK ] SparseSet.Erase_OutOfBounds_OK (0 ms)
[ RUN      ] SparseSet.Erase_Always_OK
[       OK ] SparseSet.Erase_Always_OK (0 ms)
[ RUN      ] SparseSet.Swap_InBounds_OK
[       OK ] SparseSet.Swap_InBounds_OK (0 ms)
[ RUN      ] SparseSet.Swap_InBounds_InvalidatesIterators
[       OK ] SparseSet.Swap_InBounds_InvalidatesIterators (0 ms)
[ RUN      ] SparseSet.Swap_OutOfBounds_OK
[38;5;7m[DEBUG]: [39mTried to swap invalid indices
[38;5;7m[DEBUG]: [39mTried to swap invalid indices
[38;5;7m[DEBUG]: [39mTried to swap invalid indices
[       OK ] SparseSet.Swap_OutOfBounds_OK (0 ms)
[ RUN      ] SparseSet.GetData_Always_OK
[       OK ] SparseSet.GetData_Always_OK (0 ms)
[----------] 18 tests from SparseSet (0 ms total)

[----------] 2 tests from MD5
[ RUN      ] MD5.Constructors_CustomCopyMove_OK
[       OK ] MD5.Constructors_CustomCopyMove_OK (0 ms)
[ RUN      ] MD5.Assignment_CustomCopyMove_OK
[       OK ] MD5.Assignment_CustomCopyMove_OK (0 ms)
[----------] 2 tests from MD5 (0 ms total)

[----------] 1 test from MD5Test
[ RUN      ] MD5Test.ConstructorAndComparison
[       OK ] MD5Test.ConstructorAndComparison (0 ms)
[----------] 1 test from MD5Test (0 ms total)

[----------] 2 tests from Exception
[ RUN      ] Exception.Constructors_Custom_OK
[       OK ] Exception.Constructors_Custom_OK (0 ms)
[ RUN      ] Exception.WithFollowUp_Always_AppendsFrameAndUpdatesType
[       OK ] Exception.WithFollowUp_Always_AppendsFrameAndUpdatesType (0 ms)
[----------] 2 tests from Exception (0 ms total)

[----------] 3 tests from Metrics
[ RUN      ] Metrics.RegisterThread_CurrentThread_OK
[       OK ] Metrics.RegisterThread_CurrentThread_OK (0 ms)
[ RUN      ] Metrics.RegisterAllocation_WhenRegistered_TracksCounters
[       OK ] Metrics.RegisterAllocation_WhenRegistered_TracksCounters (0 ms)
[ RUN      ] Metrics.Getters_WhenUnregistered_Throw
[       OK ] Metrics.Getters_WhenUnregistered_Throw (0 ms)
[----------] 3 tests from Metrics (0 ms total)

[----------] 9 tests from ComponentPool
[ RUN      ] ComponentPool.Constructors_DefaultMove_OK
[       OK ] ComponentPool.Constructors_DefaultMove_OK (0 ms)
[ RUN      ] ComponentPool.Assignment_DefaultMove_OK
[       OK ] ComponentPool.Assignment_DefaultMove_OK (0 ms)
[ RUN      ] ComponentPool.Get_InBounds_ReturnsComponent
[       OK ] ComponentPool.Get_InBounds_ReturnsComponent (0 ms)
[ RUN      ] ComponentPool.Get_OutOfBounds_ReturnsNullptr
[       OK ] ComponentPool.Get_OutOfBounds_ReturnsNullptr (0 ms)
[ RUN      ] ComponentPool.Insert_Always_OK
[38;5;208m[WARN]:  [39mEntity already has component of type: Position
[       OK ] ComponentPool.Insert_Always_OK (0 ms)
[ RUN      ] ComponentPool.Emplace_Always_OK
[38;5;208m[WARN]:  [39mEntity already has component of type: Position
[       OK ] ComponentPool.Emplace_Always_OK (0 ms)
[ RUN      ] ComponentPool.Remove_Always_OK
[38;5;208m[WARN]:  [39mEntity does not have component of type: Position
[38;5;208m[WARN]:  [39mEntity already has component of type: Position
[38;5;208m[WARN]:  [39mEntity does not have component of type: Position
[       OK ] ComponentPool.Remove_Always_OK (0 ms)
[ RUN      ] ComponentPool.GetData_Always_OK
[       OK ] ComponentPool.GetData_Always_OK (0 ms)
[ RUN      ] ComponentPool.Iterator_Always_OK
[       OK ] ComponentPool.Iterator_Always_OK (0 ms)
[----------] 9 tests from ComponentPool (0 ms total)

[----------] 12 tests from ComponentRegistry
[ RUN      ] ComponentRegistry.Submit_DuplicateComponent_OK
[       OK ] ComponentRegistry.Submit_DuplicateComponent_OK (0 ms)
[ RUN      ] ComponentRegistry.Submit_DifferentComponents_DifferentIDs
[       OK ] ComponentRegistry.Submit_DifferentComponents_DifferentIDs (0 ms)
[ RUN      ] ComponentRegistry.GetName_InBounds_OK
[       OK ] ComponentRegistry.GetName_InBounds_OK (0 ms)
[ RUN      ] ComponentRegistry.GetName_OutOfBounds_Empty
[       OK ] ComponentRegistry.GetName_OutOfBounds_Empty (0 ms)
[ RUN      ] ComponentRegistry.GetPool_InBounds_OK
[       OK ] ComponentRegistry.GetPool_InBounds_OK (0 ms)
[ RUN      ] ComponentRegistry.GetPool_OutOfBounds_ReturnsNullptr
[       OK ] ComponentRegistry.GetPool_OutOfBounds_ReturnsNullptr (0 ms)
[ RUN      ] ComponentRegistry.Create_Always_OK
[       OK ] ComponentRegistry.Create_Always_OK (0 ms)
[ RUN      ] ComponentRegistry.Emplace_Always_OK
[       OK ] ComponentRegistry.Emplace_Always_OK (0 ms)
[ RUN      ] ComponentRegistry.Get_Always_OK
[       OK ] ComponentRegistry.Get_Always_OK (0 ms)
[ RUN      ] ComponentRegistry.Has_Always_OK
[       OK ] ComponentRegistry.Has_Always_OK (0 ms)
[ RUN      ] ComponentRegistry.Remove_Always_OK
[38;5;208m[WARN]:  [39mEntity does not have component of type: Position
[       OK ] ComponentRegistry.Remove_Always_OK (0 ms)
[ RUN      ] ComponentRegistry.GetSize_Always_OK
[       OK ] ComponentRegistry.GetSize_Always_OK (0 ms)
[----------] 12 tests from ComponentRegistry (0 ms total)

[----------] 2 tests from ECS
[ RUN      ] ECS.RunSystem_GroupView_MatchesGroup
[       OK ] ECS.RunSystem_GroupView_MatchesGroup (0 ms)
[ RUN      ] ECS.RegisterSystem_ExistingEntity_MatchesGroup
[       OK ] ECS.RegisterSystem_ExistingEntity_MatchesGroup (0 ms)
[----------] 2 tests from ECS (0 ms total)

[----------] 2 tests from Entity
[ RUN      ] Entity.Comparison_SameHandle_IsEqual
[       OK ] Entity.Comparison_SameHandle_IsEqual (0 ms)
[ RUN      ] Entity.Comparison_DifferentHandle_NotEqual
[       OK ] Entity.Comparison_DifferentHandle_NotEqual (0 ms)
[----------] 2 tests from Entity (0 ms total)

[----------] 8 tests from EntityRegistry
[ RUN      ] EntityRegistry.Create_InBounds_ReturnsAliveEntity
[       OK ] EntityRegistry.Create_InBounds_ReturnsAliveEntity (0 ms)
[ RUN      ] EntityRegistry.Destroy_InBounds_KillsEntity
[       OK ] EntityRegistry.Destroy_InBounds_KillsEntity (0 ms)
[ RUN      ] EntityRegistry.Destroy_ThenCreate_RecyclesEntity
[       OK ] EntityRegistry.Destroy_ThenCreate_RecyclesEntity (0 ms)
[ RUN      ] EntityRegistry.Destroy_Repeated_IncrementsVersion
[       OK ] EntityRegistry.Destroy_Repeated_IncrementsVersion (0 ms)
[ RUN      ] EntityRegistry.Destroy_Repeated_KillsEntities
[       OK ] EntityRegistry.Destroy_Repeated_KillsEntities (0 ms)
[ RUN      ] EntityRegistry.Destroy_Duplicate_OK
[       OK ] EntityRegistry.Destroy_Duplicate_OK (0 ms)
[ RUN      ] EntityRegistry.Destroy_StaleHandle_NoEffect
[       OK ] EntityRegistry.Destroy_StaleHandle_NoEffect (0 ms)
[ RUN      ] EntityRegistry.IsAlive_WrongRegistry_OK
[       OK ] EntityRegistry.IsAlive_WrongRegistry_OK (0 ms)
[----------] 8 tests from EntityRegistry (0 ms total)

[----------] 3 tests from EventRegistry
[ RUN      ] EventRegistry.Enter_DuplicateEvent_OK
[       OK ] EventRegistry.Enter_DuplicateEvent_OK (0 ms)
[ RUN      ] EventRegistry.Enter_DifferentEvents_DifferentIDs
[       OK ] EventRegistry.Enter_DifferentEvents_DifferentIDs (0 ms)
[ RUN      ] EventRegistry.Get_OutOfBounds_ReturnsNullID
[       OK ] EventRegistry.Get_OutOfBounds_ReturnsNullID (0 ms)
[----------] 3 tests from EventRegistry (0 ms total)

[----------] 1 test from EventStorage
[ RUN      ] EventStorage.PushSwapRead_Always_OK
[       OK ] EventStorage.PushSwapRead_Always_OK (0 ms)
[----------] 1 test from EventStorage (0 ms total)

[----------] 3 tests from EventBus
[ RUN      ] EventBus.Queue_Always_OK
[       OK ] EventBus.Queue_Always_OK (0 ms)
[ RUN      ] EventBus.Enter_Duplicate_Throws
[       OK ] EventBus.Enter_Duplicate_Throws (0 ms)
[ RUN      ] EventBus.Queue_MissingQueue_Throws
[       OK ] EventBus.Queue_MissingQueue_Throws (0 ms)
[----------] 3 tests from EventBus (0 ms total)

[----------] 9 tests from Group
[ RUN      ] Group.Constructors_FullOwning_OK
[       OK ] Group.Constructors_FullOwning_OK (0 ms)
[ RUN      ] Group.Constructors_Partial_OK
[       OK ] Group.Constructors_Partial_OK (0 ms)
[ RUN      ] Group.Constructors_NonOwning_OK
[       OK ] Group.Constructors_NonOwning_OK (0 ms)
[ RUN      ] Group.AddRemoveEntity_Always_OK
[       OK ] Group.AddRemoveEntity_Always_OK (0 ms)
[ RUN      ] Group.RemoveEntity_Middle_KeepsMoved
[       OK ] Group.RemoveEntity_Middle_KeepsMoved (0 ms)
[ RUN      ] Group.AddRemoveEntity_WithMatchingArchetype_OK
[       OK ] Group.AddRemoveEntity_WithMatchingArchetype_OK (0 ms)
[ RUN      ] Group.ToString_WithRegisteredComponents_OK
[       OK ] Group.ToString_WithRegisteredComponents_OK (0 ms)
[ RUN      ] Group.MixedGroups_AllArchetypes_MatchExpected
[       OK ] Group.MixedGroups_AllArchetypes_MatchExpected (0 ms)
[ RUN      ] Group.MixedGroups_ComponentChanges_UpdateExpected
[       OK ] Group.MixedGroups_ComponentChanges_UpdateExpected (0 ms)
[----------] 9 tests from Group (0 ms total)

[----------] 1 test from SystemBuilder
[ RUN      ] SystemBuilder.Build_WithMasks_OK
[       OK ] SystemBuilder.Build_WithMasks_OK (0 ms)
[----------] 1 test from SystemBuilder (0 ms total)

[----------] 6 tests from SystemRegistry
[ RUN      ] SystemRegistry.Enter_ValidDescriptor_OK
[       OK ] SystemRegistry.Enter_ValidDescriptor_OK (0 ms)
[ RUN      ] SystemRegistry.Enter_DuplicateName_ReturnsNullID
[       OK ] SystemRegistry.Enter_DuplicateName_ReturnsNullID (0 ms)
[ RUN      ] SystemRegistry.Erase_InBounds_RemovesSystem
[       OK ] SystemRegistry.Erase_InBounds_RemovesSystem (0 ms)
[ RUN      ] SystemRegistry.Erase_MissingID_ReturnsFalse
[       OK ] SystemRegistry.Erase_MissingID_ReturnsFalse (0 ms)
[ RUN      ] SystemRegistry.UpdateEntity_FullMatch_TracksEntity
[       OK ] SystemRegistry.UpdateEntity_FullMatch_TracksEntity (0 ms)
[ RUN      ] SystemRegistry.UpdateEntity_PartialMatch_TracksEntity
[       OK ] SystemRegistry.UpdateEntity_PartialMatch_TracksEntity (0 ms)
[----------] 6 tests from SystemRegistry (0 ms total)

[----------] 7 tests from Platform
[ RUN      ] Platform.GetName_Always_ReturnsPlatformName
[       OK ] Platform.GetName_Always_ReturnsPlatformName (0 ms)
[ RUN      ] Platform.Time_Always_IsMonotonic
[       OK ] Platform.Time_Always_IsMonotonic (0 ms)
[ RUN      ] Platform.TimeNS_Always_IsMonotonic
[       OK ] Platform.TimeNS_Always_IsMonotonic (0 ms)
[ RUN      ] Platform.Endianness_Always_IsExclusive
[       OK ] Platform.Endianness_Always_IsExclusive (0 ms)
[ RUN      ] Platform.SwapEndian_Always_ReversesBytes
[       OK ] Platform.SwapEndian_Always_ReversesBytes (0 ms)
[ RUN      ] Platform.MacOS_Always_LittleEndian
[       OK ] Platform.MacOS_Always_LittleEndian (0 ms)
[ RUN      ] Platform.Windows_Always_LittleEndian
[       OK ] Platform.Windows_Always_LittleEndian (0 ms)
[----------] 7 tests from Platform (0 ms total)

[----------] 5 tests from PluginLibrary
[ RUN      ] PluginLibrary.Construct_Always_StoresMetadata
[       OK ] PluginLibrary.Construct_Always_StoresMetadata (0 ms)
[ RUN      ] PluginLibrary.UnloadFrom_WithUnloadFunction_OK
[       OK ] PluginLibrary.UnloadFrom_WithUnloadFunction_OK (0 ms)
[ RUN      ] PluginLibrary.UnloadFrom_WithoutUnloadFunction_OK
[       OK ] PluginLibrary.UnloadFrom_WithoutUnloadFunction_OK (0 ms)
[ RUN      ] PluginLibrary.MoveConstructor_TransfersMetadata
[       OK ] PluginLibrary.MoveConstructor_TransfersMetadata (0 ms)
[ RUN      ] PluginLibrary.MoveAssignment_TransfersMetadata
[       OK ] PluginLibrary.MoveAssignment_TransfersMetadata (0 ms)
[----------] 5 tests from PluginLibrary (0 ms total)

[----------] 5 tests from Plugin
[ RUN      ] Plugin.Load_ValidDylib_RegistersSystem
[       OK ] Plugin.Load_ValidDylib_RegistersSystem (253 ms)
[ RUN      ] Plugin.Unload_ValidDylib_RemovesSystem
[       OK ] Plugin.Unload_ValidDylib_RemovesSystem (0 ms)
[ RUN      ] Plugin.Load_MissingDylib_Fails
[38;5;196m[ERROR]: [39mCould not load plugin '/missing/plugin.dylib': dlopen(/missing/plugin.dylib, 0x0006): tried: '/missing/plugin.dylib' (no such file), '/System/Volumes/Preboot/Cryptexes/OS/missing/plugin.dylib' (no such file), '/missing/plugin.dylib' (no such file)
[       OK ] Plugin.Load_MissingDylib_Fails (0 ms)
[ RUN      ] Plugin.Load_PluginDependency_LoadsRelativeDependency
[       OK ] Plugin.Load_PluginDependency_LoadsRelativeDependency (504 ms)
[ RUN      ] Plugin.Unload_PluginDependency_RemovesDependency
[       OK ] Plugin.Unload_PluginDependency_RemovesDependency (0 ms)
[----------] 5 tests from Plugin (758 ms total)

[----------] 2 tests from TraitReflectionTest
[ RUN      ] TraitReflectionTest.SimpleStructFields
[       OK ] TraitReflectionTest.SimpleStructFields (0 ms)
[ RUN      ] TraitReflectionTest.StandardLayoutClassFields
[       OK ] TraitReflectionTest.StandardLayoutClassFields (0 ms)
[----------] 2 tests from TraitReflectionTest (0 ms total)

[----------] 5 tests from TypeReflectionTest
[ RUN      ] TypeReflectionTest.StructHasCorrectReflection
[       OK ] TypeReflectionTest.StructHasCorrectReflection (0 ms)
[ RUN      ] TypeReflectionTest.ClassHasCorrectReflection
[       OK ] TypeReflectionTest.ClassHasCorrectReflection (0 ms)
[ RUN      ] TypeReflectionTest.TypeQualifierStripping
[       OK ] TypeReflectionTest.TypeQualifierStripping (0 ms)
[ RUN      ] TypeReflectionTest.TypeInfoHasCorrectMetadata
[       OK ] TypeReflectionTest.TypeInfoHasCorrectMetadata (0 ms)
[ RUN      ] TypeReflectionTest.PrimitivesHaveCorrectReflection
[       OK ] TypeReflectionTest.PrimitivesHaveCorrectReflection (0 ms)
[----------] 5 tests from TypeReflectionTest (0 ms total)

[----------] 1 test from ReflectionTest
[ RUN      ] ReflectionTest.StringHasCorrectReflection
[       OK ] ReflectionTest.StringHasCorrectReflection (0 ms)
[----------] 1 test from ReflectionTest (0 ms total)

[----------] Global test environment tear-down
[==========] 130 tests from 30 test suites ran. (764 ms total)
[  PASSED  ] 130 tests.
<end of output>
Test time =   1.10 sec
----------------------------------------------------------
Test Passed.
"CoreTests" end time: May 25 16:46 WEST
"CoreTests" time elapsed: 00:00:01
----------------------------------------------------------

End testing: May 25 16:46 WEST
